[2021-12-28T10:45:07.505] [ERROR] hello - {
[2021-12-28T11:58:42.988] [ERROR] hello - {
  r: '<enter the route in which the api is called>',
  m: '<Enter the method of the APi (for e.g GET, POST, PUT>',
  msg: '<Just send the error callback object for this key'
}
[2021-12-28T10:59:06.768] [ERROR] hello - {
[2021-12-28T15:37:40.250] [ERROR] hello - {
  r: '<enter the route in which the api is called>',
  m: '<Enter the method of the APi (for e.g GET, POST, PUT>',
  msg: '<Just send the error callback object for this key'
}
[2021-12-28T15:37:41.106] [ERROR] hello - {
  r: '<enter the route in which the api is called>',
  m: '<Enter the method of the APi (for e.g GET, POST, PUT>',
  msg: '<Just send the error callback object for this key'
}
[2021-12-28T15:39:37.420] [ERROR] hello - {
  r: '<enter the route in which the api is called>',
  m: '<Enter the method of the APi (for e.g GET, POST, PUT>',
  msg: '<Just send the error callback object for this key'
}
